<?xml version="1.0" encoding="UTF-8"?>
<testsuite name="mainTest" tests="4" skipped="0" failures="0" errors="0" timestamp="2023-07-19T14:18:00" hostname="WESLEY" time="0.132">
  <properties/>
  <testcase name="add()" classname="mainTest" time="0.125"/>
  <testcase name="div()" classname="mainTest" time="0.002"/>
  <testcase name="mul()" classname="mainTest" time="0.001"/>
  <testcase name="sub()" classname="mainTest" time="0.001"/>
  <system-out><![CDATA[]]></system-out>
  <system-err><![CDATA[]]></system-err>
</testsuite>
